::1 - - [22/Jul/2019:06:34:43 +0000] "GET /index HTTP/1.1" 404 - "-" "Mozilla/5.0 (Macintosh; Intel Mac OS X 10_13_6) AppleWebKit/537.36 (KHTML, like Gecko) Chrome/75.0.3770.142 Safari/537.36"
::1 - - [22/Jul/2019:06:34:44 +0000] "GET /css/main.css HTTP/1.1" 200 - "https://localhost:3000/index" "Mozilla/5.0 (Macintosh; Intel Mac OS X 10_13_6) AppleWebKit/537.36 (KHTML, like Gecko) Chrome/75.0.3770.142 Safari/537.36"
::1 - - [22/Jul/2019:06:34:44 +0000] "GET /js/main.js HTTP/1.1" 200 519 "https://localhost:3000/index" "Mozilla/5.0 (Macintosh; Intel Mac OS X 10_13_6) AppleWebKit/537.36 (KHTML, like Gecko) Chrome/75.0.3770.142 Safari/537.36"
::1 - - [22/Jul/2019:06:34:44 +0000] "GET /favicon.ico HTTP/1.1" 404 - "https://localhost:3000/index" "Mozilla/5.0 (Macintosh; Intel Mac OS X 10_13_6) AppleWebKit/537.36 (KHTML, like Gecko) Chrome/75.0.3770.142 Safari/537.36"
::1 - - [22/Jul/2019:06:34:46 +0000] "GET / HTTP/1.1" 200 - "https://localhost:3000/index" "Mozilla/5.0 (Macintosh; Intel Mac OS X 10_13_6) AppleWebKit/537.36 (KHTML, like Gecko) Chrome/75.0.3770.142 Safari/537.36"
::1 - - [22/Jul/2019:06:34:46 +0000] "GET /css/main.css HTTP/1.1" 304 - "https://localhost:3000/" "Mozilla/5.0 (Macintosh; Intel Mac OS X 10_13_6) AppleWebKit/537.36 (KHTML, like Gecko) Chrome/75.0.3770.142 Safari/537.36"
::1 - - [22/Jul/2019:06:34:46 +0000] "GET /js/main.js HTTP/1.1" 304 - "https://localhost:3000/" "Mozilla/5.0 (Macintosh; Intel Mac OS X 10_13_6) AppleWebKit/537.36 (KHTML, like Gecko) Chrome/75.0.3770.142 Safari/537.36"
::1 - - [22/Jul/2019:06:34:46 +0000] "GET /css/product.css HTTP/1.1" 200 379 "https://localhost:3000/" "Mozilla/5.0 (Macintosh; Intel Mac OS X 10_13_6) AppleWebKit/537.36 (KHTML, like Gecko) Chrome/75.0.3770.142 Safari/537.36"
::1 - - [22/Jul/2019:06:34:46 +0000] "GET /http://www.pngonly.com/wp-content/uploads/2017/05/Book-Transparent-PNG-Picture.png HTTP/1.1" 404 - "https://localhost:3000/" "Mozilla/5.0 (Macintosh; Intel Mac OS X 10_13_6) AppleWebKit/537.36 (KHTML, like Gecko) Chrome/75.0.3770.142 Safari/537.36"
::1 - - [22/Jul/2019:06:34:47 +0000] "GET /products HTTP/1.1" 200 - "https://localhost:3000/" "Mozilla/5.0 (Macintosh; Intel Mac OS X 10_13_6) AppleWebKit/537.36 (KHTML, like Gecko) Chrome/75.0.3770.142 Safari/537.36"
::1 - - [22/Jul/2019:06:34:47 +0000] "GET /css/main.css HTTP/1.1" 304 - "https://localhost:3000/products" "Mozilla/5.0 (Macintosh; Intel Mac OS X 10_13_6) AppleWebKit/537.36 (KHTML, like Gecko) Chrome/75.0.3770.142 Safari/537.36"
::1 - - [22/Jul/2019:06:34:47 +0000] "GET /css/product.css HTTP/1.1" 304 - "https://localhost:3000/products" "Mozilla/5.0 (Macintosh; Intel Mac OS X 10_13_6) AppleWebKit/537.36 (KHTML, like Gecko) Chrome/75.0.3770.142 Safari/537.36"
::1 - - [22/Jul/2019:06:34:47 +0000] "GET /js/main.js HTTP/1.1" 304 - "https://localhost:3000/products" "Mozilla/5.0 (Macintosh; Intel Mac OS X 10_13_6) AppleWebKit/537.36 (KHTML, like Gecko) Chrome/75.0.3770.142 Safari/537.36"
::1 - - [22/Jul/2019:06:34:47 +0000] "GET /http://www.pngonly.com/wp-content/uploads/2017/05/Book-Transparent-PNG-Picture.png HTTP/1.1" 404 - "https://localhost:3000/products" "Mozilla/5.0 (Macintosh; Intel Mac OS X 10_13_6) AppleWebKit/537.36 (KHTML, like Gecko) Chrome/75.0.3770.142 Safari/537.36"
::1 - - [22/Jul/2019:06:34:49 +0000] "GET /products?page=2 HTTP/1.1" 200 - "https://localhost:3000/products" "Mozilla/5.0 (Macintosh; Intel Mac OS X 10_13_6) AppleWebKit/537.36 (KHTML, like Gecko) Chrome/75.0.3770.142 Safari/537.36"
::1 - - [22/Jul/2019:06:34:49 +0000] "GET /css/main.css HTTP/1.1" 304 - "https://localhost:3000/products?page=2" "Mozilla/5.0 (Macintosh; Intel Mac OS X 10_13_6) AppleWebKit/537.36 (KHTML, like Gecko) Chrome/75.0.3770.142 Safari/537.36"
::1 - - [22/Jul/2019:06:34:49 +0000] "GET /css/product.css HTTP/1.1" 304 - "https://localhost:3000/products?page=2" "Mozilla/5.0 (Macintosh; Intel Mac OS X 10_13_6) AppleWebKit/537.36 (KHTML, like Gecko) Chrome/75.0.3770.142 Safari/537.36"
::1 - - [22/Jul/2019:06:34:49 +0000] "GET /js/main.js HTTP/1.1" 304 - "https://localhost:3000/products?page=2" "Mozilla/5.0 (Macintosh; Intel Mac OS X 10_13_6) AppleWebKit/537.36 (KHTML, like Gecko) Chrome/75.0.3770.142 Safari/537.36"
::1 - - [22/Jul/2019:06:34:49 +0000] "GET /lj HTTP/1.1" 404 - "https://localhost:3000/products?page=2" "Mozilla/5.0 (Macintosh; Intel Mac OS X 10_13_6) AppleWebKit/537.36 (KHTML, like Gecko) Chrome/75.0.3770.142 Safari/537.36"
::1 - - [22/Jul/2019:06:34:50 +0000] "GET /http://www.pngonly.com/wp-content/uploads/2017/05/Book-Transparent-PNG-Picture.png HTTP/1.1" 404 - "https://localhost:3000/products?page=2" "Mozilla/5.0 (Macintosh; Intel Mac OS X 10_13_6) AppleWebKit/537.36 (KHTML, like Gecko) Chrome/75.0.3770.142 Safari/537.36"
::1 - - [22/Jul/2019:06:34:50 +0000] "GET /products?page=17 HTTP/1.1" 200 - "https://localhost:3000/products?page=2" "Mozilla/5.0 (Macintosh; Intel Mac OS X 10_13_6) AppleWebKit/537.36 (KHTML, like Gecko) Chrome/75.0.3770.142 Safari/537.36"
::1 - - [22/Jul/2019:06:34:50 +0000] "GET /css/main.css HTTP/1.1" 304 - "https://localhost:3000/products?page=17" "Mozilla/5.0 (Macintosh; Intel Mac OS X 10_13_6) AppleWebKit/537.36 (KHTML, like Gecko) Chrome/75.0.3770.142 Safari/537.36"
::1 - - [22/Jul/2019:06:34:50 +0000] "GET /css/product.css HTTP/1.1" 304 - "https://localhost:3000/products?page=17" "Mozilla/5.0 (Macintosh; Intel Mac OS X 10_13_6) AppleWebKit/537.36 (KHTML, like Gecko) Chrome/75.0.3770.142 Safari/537.36"
::1 - - [22/Jul/2019:06:34:50 +0000] "GET /js/main.js HTTP/1.1" 304 - "https://localhost:3000/products?page=17" "Mozilla/5.0 (Macintosh; Intel Mac OS X 10_13_6) AppleWebKit/537.36 (KHTML, like Gecko) Chrome/75.0.3770.142 Safari/537.36"
::1 - - [22/Jul/2019:06:34:52 +0000] "GET /products?page=16 HTTP/1.1" 200 - "https://localhost:3000/products?page=17" "Mozilla/5.0 (Macintosh; Intel Mac OS X 10_13_6) AppleWebKit/537.36 (KHTML, like Gecko) Chrome/75.0.3770.142 Safari/537.36"
::1 - - [22/Jul/2019:06:34:52 +0000] "GET /css/main.css HTTP/1.1" 304 - "https://localhost:3000/products?page=16" "Mozilla/5.0 (Macintosh; Intel Mac OS X 10_13_6) AppleWebKit/537.36 (KHTML, like Gecko) Chrome/75.0.3770.142 Safari/537.36"
::1 - - [22/Jul/2019:06:34:52 +0000] "GET /css/product.css HTTP/1.1" 304 - "https://localhost:3000/products?page=16" "Mozilla/5.0 (Macintosh; Intel Mac OS X 10_13_6) AppleWebKit/537.36 (KHTML, like Gecko) Chrome/75.0.3770.142 Safari/537.36"
::1 - - [22/Jul/2019:06:34:52 +0000] "GET /js/main.js HTTP/1.1" 304 - "https://localhost:3000/products?page=16" "Mozilla/5.0 (Macintosh; Intel Mac OS X 10_13_6) AppleWebKit/537.36 (KHTML, like Gecko) Chrome/75.0.3770.142 Safari/537.36"
::1 - - [22/Jul/2019:06:34:53 +0000] "GET /products?page=15 HTTP/1.1" 200 - "https://localhost:3000/products?page=16" "Mozilla/5.0 (Macintosh; Intel Mac OS X 10_13_6) AppleWebKit/537.36 (KHTML, like Gecko) Chrome/75.0.3770.142 Safari/537.36"
::1 - - [22/Jul/2019:06:34:53 +0000] "GET /css/main.css HTTP/1.1" 304 - "https://localhost:3000/products?page=15" "Mozilla/5.0 (Macintosh; Intel Mac OS X 10_13_6) AppleWebKit/537.36 (KHTML, like Gecko) Chrome/75.0.3770.142 Safari/537.36"
::1 - - [22/Jul/2019:06:34:53 +0000] "GET /css/product.css HTTP/1.1" 304 - "https://localhost:3000/products?page=15" "Mozilla/5.0 (Macintosh; Intel Mac OS X 10_13_6) AppleWebKit/537.36 (KHTML, like Gecko) Chrome/75.0.3770.142 Safari/537.36"
::1 - - [22/Jul/2019:06:34:53 +0000] "GET /js/main.js HTTP/1.1" 304 - "https://localhost:3000/products?page=15" "Mozilla/5.0 (Macintosh; Intel Mac OS X 10_13_6) AppleWebKit/537.36 (KHTML, like Gecko) Chrome/75.0.3770.142 Safari/537.36"
::1 - - [22/Jul/2019:06:34:54 +0000] "GET /products?page=1 HTTP/1.1" 200 - "https://localhost:3000/products?page=15" "Mozilla/5.0 (Macintosh; Intel Mac OS X 10_13_6) AppleWebKit/537.36 (KHTML, like Gecko) Chrome/75.0.3770.142 Safari/537.36"
::1 - - [22/Jul/2019:06:34:54 +0000] "GET /css/main.css HTTP/1.1" 304 - "https://localhost:3000/products?page=1" "Mozilla/5.0 (Macintosh; Intel Mac OS X 10_13_6) AppleWebKit/537.36 (KHTML, like Gecko) Chrome/75.0.3770.142 Safari/537.36"
::1 - - [22/Jul/2019:06:34:54 +0000] "GET /css/product.css HTTP/1.1" 304 - "https://localhost:3000/products?page=1" "Mozilla/5.0 (Macintosh; Intel Mac OS X 10_13_6) AppleWebKit/537.36 (KHTML, like Gecko) Chrome/75.0.3770.142 Safari/537.36"
::1 - - [22/Jul/2019:06:34:54 +0000] "GET /js/main.js HTTP/1.1" 304 - "https://localhost:3000/products?page=1" "Mozilla/5.0 (Macintosh; Intel Mac OS X 10_13_6) AppleWebKit/537.36 (KHTML, like Gecko) Chrome/75.0.3770.142 Safari/537.36"
::1 - - [22/Jul/2019:06:34:54 +0000] "GET /http://www.pngonly.com/wp-content/uploads/2017/05/Book-Transparent-PNG-Picture.png HTTP/1.1" 404 - "https://localhost:3000/products?page=1" "Mozilla/5.0 (Macintosh; Intel Mac OS X 10_13_6) AppleWebKit/537.36 (KHTML, like Gecko) Chrome/75.0.3770.142 Safari/537.36"
